<?xml version="1.0" encoding="UTF-8"?>
<!-- Generated by org.testng.reporters.JUnitXMLReporter -->
<testsuite ignored="0" hostname="Chethan" failures="0" tests="3" name="Default test" time="0.033" errors="0" timestamp="21 Sep 2021 17:53:18 GMT">
  <testcase classname="contactTest.CreateContactTest" name="createContactTest" time="0.008"/>
  <testcase classname="contactTest.CreateContactTest" name="createContactwithOrg" time="0.001"/>
  <testcase classname="contactTest.CreateContactTest" name="deleteContact" time="0.0"/>
</testsuite> <!-- Default test -->
