<?xml version="1.0" encoding="UTF-8"?>
<testng-results ignored="0" total="3" passed="3" failed="0" skipped="0">
  <reporter-output>
  </reporter-output>
  <suite started-at="2021-09-21T17:53:17Z" name="Default suite" finished-at="2021-09-21T17:53:17Z" duration-ms="33">
    <groups>
    </groups>
    <test started-at="2021-09-21T17:53:17Z" name="Default test" finished-at="2021-09-21T17:53:17Z" duration-ms="33">
      <class name="contactTest.CreateContactTest">
        <test-method signature="createContactTest()[pri:0, instance:contactTest.CreateContactTest@5cdec700]" started-at="2021-09-21T17:53:17Z" name="createContactTest" finished-at="2021-09-21T17:53:17Z" duration-ms="8" status="PASS">
          <reporter-output>
          </reporter-output>
        </test-method> <!-- createContactTest -->
        <test-method signature="createContactwithOrg()[pri:0, instance:contactTest.CreateContactTest@5cdec700]" started-at="2021-09-21T17:53:17Z" name="createContactwithOrg" finished-at="2021-09-21T17:53:17Z" duration-ms="1" status="PASS">
          <reporter-output>
          </reporter-output>
        </test-method> <!-- createContactwithOrg -->
        <test-method signature="deleteContact()[pri:0, instance:contactTest.CreateContactTest@5cdec700]" started-at="2021-09-21T17:53:17Z" name="deleteContact" finished-at="2021-09-21T17:53:17Z" duration-ms="0" status="PASS">
          <reporter-output>
          </reporter-output>
        </test-method> <!-- deleteContact -->
      </class> <!-- contactTest.CreateContactTest -->
    </test> <!-- Default test -->
  </suite> <!-- Default suite -->
</testng-results>
